Build started 2015-11-26 23:51:30.
     1>Project "C:\Users\qń\Documents\GitHubVisualStudio\ewolucja\ewolucja\ewolucja\ewolucja.vcxproj" on node 2 (Build target(s)).
     1>ClCompile:
         C:\Program Files (x86)\Microsoft Visual Studio 14.0\VC\bin\CL.exe /c /ZI /nologo /W3 /WX- /sdl /Od /Oy- /D _MBCS /Gm /EHsc /RTC1 /MDd /GS /fp:precise /Zc:wchar_t /Zc:forScope /Zc:inline /openmp /Fo"Debug\\" /Fd"Debug\vc140.pdb" /Gd /TP /analyze- /errorReport:prompt ..\ewolucja.cpp
         ewolucja.cpp
     1>c:\users\qń\documents\githubvisualstudio\ewolucja\ewolucja\ewolucja.h(16): warning C4305: 'initializing': truncation from 'double' to 'float'
     1>c:\users\qń\documents\githubvisualstudio\ewolucja\ewolucja\ewolucja.h(17): warning C4305: 'initializing': truncation from 'double' to 'float'
     1>c:\users\qń\documents\githubvisualstudio\ewolucja\ewolucja\ewolucja.cpp(48): warning C4018: '<': signed/unsigned mismatch
     1>c:\users\qń\documents\githubvisualstudio\ewolucja\ewolucja\ewolucja.cpp(51): warning C4018: '<': signed/unsigned mismatch
     1>c:\users\qń\documents\githubvisualstudio\ewolucja\ewolucja\ewolucja.cpp(59): warning C4018: '<': signed/unsigned mismatch
     1>c:\users\qń\documents\githubvisualstudio\ewolucja\ewolucja\ewolucja.cpp(62): warning C4018: '<': signed/unsigned mismatch
     1>c:\users\qń\documents\githubvisualstudio\ewolucja\ewolucja\ewolucja.cpp(74): warning C4018: '<': signed/unsigned mismatch
     1>c:\users\qń\documents\githubvisualstudio\ewolucja\ewolucja\ewolucja.cpp(80): warning C4018: '<': signed/unsigned mismatch
     1>c:\users\qń\documents\githubvisualstudio\ewolucja\ewolucja\ewolucja.cpp(86): warning C4244: '=': conversion from 'double' to 'float', possible loss of data
     1>c:\users\qń\documents\githubvisualstudio\ewolucja\ewolucja\ewolucja.cpp(103): warning C4018: '<': signed/unsigned mismatch
     1>c:\users\qń\documents\githubvisualstudio\ewolucja\ewolucja\ewolucja.cpp(105): warning C4244: 'argument': conversion from 'int' to 'float', possible loss of data
     1>c:\users\qń\documents\githubvisualstudio\ewolucja\ewolucja\ewolucja.cpp(129): warning C4018: '<': signed/unsigned mismatch
     1>c:\users\qń\documents\githubvisualstudio\ewolucja\ewolucja\ewolucja.cpp(144): warning C4244: 'initializing': conversion from 'double' to 'float', possible loss of data
       Link:
         C:\Program Files (x86)\Microsoft Visual Studio 14.0\VC\bin\link.exe /ERRORREPORT:PROMPT /OUT:"C:\Users\qń\Documents\GitHubVisualStudio\ewolucja\ewolucja\Debug\ewolucja.exe" /INCREMENTAL /NOLOGO kernel32.lib user32.lib gdi32.lib winspool.lib comdlg32.lib advapi32.lib shell32.lib ole32.lib oleaut32.lib uuid.lib odbc32.lib odbccp32.lib /MANIFEST /MANIFESTUAC:"level='asInvoker' uiAccess='false'" /manifest:embed /Debug /PDB:"C:\Users\qń\Documents\GitHubVisualStudio\ewolucja\ewolucja\Debug\ewolucja.pdb" /TLBID:1 /DYNAMICBASE /NXCOMPAT /IMPLIB:"C:\Users\qń\Documents\GitHubVisualStudio\ewolucja\ewolucja\Debug\ewolucja.lib" /MACHINE:X86 Debug\ewolucja.obj
         Debug\Source.obj
         ewolucja.vcxproj -> C:\Users\qń\Documents\GitHubVisualStudio\ewolucja\ewolucja\Debug\ewolucja.exe
     1>Done Building Project "C:\Users\qń\Documents\GitHubVisualStudio\ewolucja\ewolucja\ewolucja\ewolucja.vcxproj" (Build target(s)).

Build succeeded.

Time Elapsed 00:00:07.72
